<?xml version="1.0" encoding="UTF-8"?>
<testng-results ignored="0" total="1" passed="1" failed="0" skipped="0">
  <reporter-output>
  </reporter-output>
  <suite started-at="2026-02-16T15:48:12Z" name="Default suite" finished-at="2026-02-16T15:48:23Z" duration-ms="11108">
    <groups>
    </groups>
    <test started-at="2026-02-16T15:48:12Z" name="Default test" finished-at="2026-02-16T15:48:23Z" duration-ms="11108">
      <class name="javaPackage.TestWebDriverManager">
        <test-method signature="a()[pri:0, instance:javaPackage.TestWebDriverManager@78e4deb0]" started-at="2026-02-16T15:48:12Z" name="a" finished-at="2026-02-16T15:48:23Z" duration-ms="11073" status="PASS">
          <reporter-output>
          </reporter-output>
        </test-method> <!-- a -->
      </class> <!-- javaPackage.TestWebDriverManager -->
    </test> <!-- Default test -->
  </suite> <!-- Default suite -->
</testng-results>
